29841 read(3, "\177ELF\2\1\1\3\0\0\0\0\0\0\0\0\3\0>\0\1\0\0\0P\237\2\0\0\0\0\0"..., 832) = 832
29841 read(3, "# Locale name alias data base.\n#"..., 4096) = 2996
29841 read(3, "", 4096)                 = 0
29841 write(1, "Script started, output log file "..., 74) = 74
29841 read(7, "TZif2\0\0\0\0\0\0\0\0\0\0\0\0\0\0\0\0\0\0\v\0\0\0\v\0\0\0\0"..., 4096) = 2654
29841 read(7, "TZif2\0\0\0\0\0\0\0\0\0\0\0\0\0\0\0\0\0\0\v\0\0\0\v\0\0\0\0"..., 4096) = 1671
29842 read(3, "\177ELF\2\1\1\0\0\0\0\0\0\0\0\0\3\0>\0\1\0\0\0\0\0\0\0\0\0\0\0"..., 832) = 832
29842 read(3, "\177ELF\2\1\1\3\0\0\0\0\0\0\0\0\3\0>\0\1\0\0\0P\237\2\0\0\0\0\0"..., 832) = 832
29842 read(3, "# Locale name alias data base.\n#"..., 4096) = 2996
29842 read(3, "", 4096)                 = 0
29842 read(3, "\177ELF\2\1\1\3\0\0\0\0\0\0\0\0\3\0>\0\1\0\0\0P\237\2\0\0\0\0\0"..., 832) = 832
29842 write(2, "$ ", 2)                 = 2
29842 read(0,  <unfinished ...>
29841 read(3, "$ ", 8192)               = 2
29841 write(1, "$ ", 2)                 = 2
29841 read(0, "\r", 8192)               = 1
29841 write(3, "\r", 1)                 = 1
29842 <... read resumed>"\n", 8192)     = 1
29842 write(2, "$ ", 2)                 = 2
29842 read(0,  <unfinished ...>
29841 read(3, "\r\n$ ", 8192)           = 4
29841 write(1, "\r\n$ ", 4)             = 4
29841 read(0, "e", 8192)                = 1
29841 write(3, "e", 1)                  = 1
29841 read(3, "e", 8192)                = 1
29841 write(1, "e", 1)                  = 1
29841 read(0, "x", 8192)                = 1
29841 write(3, "x", 1)                  = 1
29841 read(3, "x", 8192)                = 1
29841 write(1, "x", 1)                  = 1
29841 read(0, "i", 8192)                = 1
29841 write(3, "i", 1)                  = 1
29841 read(3, "i", 8192)                = 1
29841 write(1, "i", 1)                  = 1
29841 read(0, "t", 8192)                = 1
29841 write(3, "t", 1)                  = 1
29841 read(3, "t", 8192)                = 1
29841 write(1, "t", 1)                  = 1
29841 read(0, " ", 8192)                = 1
29841 write(3, " ", 1)                  = 1
29841 read(3, " ", 8192)                = 1
29841 write(1, " ", 1)                  = 1
29841 read(0, "4", 8192)                = 1
29841 write(3, "4", 1)                  = 1
29841 read(3, "4", 8192)                = 1
29841 write(1, "4", 1)                  = 1
29841 read(0, "2", 8192)                = 1
29841 write(3, "2", 1)                  = 1
29841 read(3, "2", 8192)                = 1
29841 write(1, "2", 1)                  = 1
29841 read(0, "\r", 8192)               = 1
29841 write(3, "\r", 1)                 = 1
29842 <... read resumed>"exit 42\n", 8192) = 8
29841 read(3, "\r\n", 8192)             = 2
29841 write(1, "\r\n", 2)               = 2
29842 +++ exited with 42 +++
29841 read(5, "\21\0\0\0\0\0\0\0\1\0\0\0\222t\0\0\350\3\0\0\0\0\0\0\0\0\0\0\0\0\0\0"..., 128) = 128
29841 write(6, "Script started on 2024-10-29 20:"..., 192) = 192
29841 write(7, "0.027947 2\n0.584878 4\n1.012833 1"..., 110) = 110
29841 write(1, "Script done.\n", 13)    = 13
29841 +++ exited with 0 +++
